{"/Users/berezynskyi/Documents/work/react-native-uptech-boilerplate/App.js": {"path":"/Users/berezynskyi/Documents/work/react-native-uptech-boilerplate/App.js","statementMap":{"0":{"start":{"line":19,"column":18},"end":{"line":19,"column":34}},"1":{"start":{"line":20,"column":4},"end":{"line":26,"column":6}},"2":{"start":{"line":30,"column":15},"end":{"line":37,"column":2}}},"fnMap":{"0":{"name":"(anonymous_0)","decl":{"start":{"line":18,"column":2},"end":{"line":18,"column":3}},"loc":{"start":{"line":18,"column":11},"end":{"line":27,"column":3}},"line":18}},"branchMap":{},"s":{"0":1,"1":1,"2":1},"f":{"0":1},"b":{},"_coverageSchema":"332fd63041d2c1bcb487cc26dd0d5f7d97098a6c","hash":"195bf27532046028e13cde2f0044eaf52c2e2780"}
,"/Users/berezynskyi/Documents/work/react-native-uptech-boilerplate/src/containers/MainScreen/MainScreen.js": {"path":"/Users/berezynskyi/Documents/work/react-native-uptech-boilerplate/src/containers/MainScreen/MainScreen.js","statementMap":{"0":{"start":{"line":12,"column":15},"end":{"line":12,"column":49}},"1":{"start":{"line":16,"column":4},"end":{"line":16,"column":25}},"2":{"start":{"line":20,"column":4},"end":{"line":20,"column":33}},"3":{"start":{"line":32,"column":8},"end":{"line":32,"column":14}},"4":{"start":{"line":35,"column":8},"end":{"line":35,"column":18}},"5":{"start":{"line":36,"column":4},"end":{"line":49,"column":6}},"6":{"start":{"line":53,"column":0},"end":{"line":56,"column":2}},"7":{"start":{"line":58,"column":15},"end":{"line":83,"column":2}}},"fnMap":{"0":{"name":"(anonymous_0)","decl":{"start":{"line":15,"column":2},"end":{"line":15,"column":3}},"loc":{"start":{"line":15,"column":23},"end":{"line":17,"column":3}},"line":15},"1":{"name":"(anonymous_1)","decl":{"start":{"line":19,"column":17},"end":{"line":19,"column":18}},"loc":{"start":{"line":19,"column":23},"end":{"line":21,"column":3}},"line":19},"2":{"name":"(anonymous_2)","decl":{"start":{"line":23,"column":2},"end":{"line":23,"column":3}},"loc":{"start":{"line":23,"column":11},"end":{"line":50,"column":3}},"line":23}},"branchMap":{},"s":{"0":1,"1":1,"2":0,"3":3,"4":3,"5":3,"6":1,"7":1},"f":{"0":1,"1":0,"2":3},"b":{},"_coverageSchema":"332fd63041d2c1bcb487cc26dd0d5f7d97098a6c","hash":"931b4a9bb1c5885999658cfc1cc67c463a3ef8b9"}
,"/Users/berezynskyi/Documents/work/react-native-uptech-boilerplate/src/containers/MainScreen/index.js": {"path":"/Users/berezynskyi/Documents/work/react-native-uptech-boilerplate/src/containers/MainScreen/index.js","statementMap":{"0":{"start":{"line":6,"column":24},"end":{"line":14,"column":1}},"1":{"start":{"line":11,"column":2},"end":{"line":13,"column":4}},"2":{"start":{"line":16,"column":27},"end":{"line":18,"column":1}}},"fnMap":{"0":{"name":"(anonymous_0)","decl":{"start":{"line":6,"column":24},"end":{"line":6,"column":25}},"loc":{"start":{"line":10,"column":6},"end":{"line":14,"column":1}},"line":10}},"branchMap":{},"s":{"0":1,"1":3,"2":1},"f":{"0":3},"b":{},"_coverageSchema":"332fd63041d2c1bcb487cc26dd0d5f7d97098a6c","hash":"e00157e15ab869bd22881d005e08587c3e06321c"}
,"/Users/berezynskyi/Documents/work/react-native-uptech-boilerplate/src/store/configureStore.js": {"path":"/Users/berezynskyi/Documents/work/react-native-uptech-boilerplate/src/store/configureStore.js","statementMap":{"0":{"start":{"line":7,"column":23},"end":{"line":7,"column":53}},"1":{"start":{"line":9,"column":19},"end":{"line":12,"column":1}},"2":{"start":{"line":15,"column":2},"end":{"line":18,"column":4}}},"fnMap":{"0":{"name":"configureStore","decl":{"start":{"line":14,"column":24},"end":{"line":14,"column":38}},"loc":{"start":{"line":14,"column":53},"end":{"line":19,"column":1}},"line":14}},"branchMap":{},"s":{"0":1,"1":1,"2":1},"f":{"0":1},"b":{},"_coverageSchema":"332fd63041d2c1bcb487cc26dd0d5f7d97098a6c","hash":"f34739bbb2a8b285c3d816cd0ab369ca2cf0f39b"}
,"/Users/berezynskyi/Documents/work/react-native-uptech-boilerplate/src/store/index.js": {"path":"/Users/berezynskyi/Documents/work/react-native-uptech-boilerplate/src/store/index.js","statementMap":{"0":{"start":{"line":6,"column":24},"end":{"line":8,"column":1}},"1":{"start":{"line":10,"column":27},"end":{"line":12,"column":2}}},"fnMap":{},"branchMap":{},"s":{"0":1,"1":1},"f":{},"b":{},"_coverageSchema":"332fd63041d2c1bcb487cc26dd0d5f7d97098a6c","hash":"f03e28b4fdf88299ce61ef269bffb35a5d0631a8"}
,"/Users/berezynskyi/Documents/work/react-native-uptech-boilerplate/src/store/main/constants.js": {"path":"/Users/berezynskyi/Documents/work/react-native-uptech-boilerplate/src/store/main/constants.js","statementMap":{"0":{"start":{"line":1,"column":36},"end":{"line":1,"column":52}}},"fnMap":{},"branchMap":{},"s":{"0":1},"f":{},"b":{},"_coverageSchema":"332fd63041d2c1bcb487cc26dd0d5f7d97098a6c","hash":"5ff3ebcbdee54dab52e804fe90f60a9c3b0b6b4a"}
,"/Users/berezynskyi/Documents/work/react-native-uptech-boilerplate/src/store/main/duck.js": {"path":"/Users/berezynskyi/Documents/work/react-native-uptech-boilerplate/src/store/main/duck.js","statementMap":{"0":{"start":{"line":12,"column":17},"end":{"line":12,"column":39}},"1":{"start":{"line":13,"column":36},"end":{"line":13,"column":70}},"2":{"start":{"line":18,"column":21},"end":{"line":20,"column":1}},"3":{"start":{"line":26,"column":2},"end":{"line":36,"column":3}},"4":{"start":{"line":28,"column":6},"end":{"line":31,"column":8}},"5":{"start":{"line":34,"column":6},"end":{"line":34,"column":19}},"6":{"start":{"line":43,"column":2},"end":{"line":45,"column":4}},"7":{"start":{"line":51,"column":27},"end":{"line":58,"column":1}},"8":{"start":{"line":52,"column":2},"end":{"line":57,"column":7}},"9":{"start":{"line":54,"column":19},"end":{"line":57,"column":5}},"10":{"start":{"line":65,"column":47},"end":{"line":75,"column":1}},"11":{"start":{"line":66,"column":2},"end":{"line":74,"column":4}},"12":{"start":{"line":67,"column":4},"end":{"line":73,"column":9}},"13":{"start":{"line":68,"column":30},"end":{"line":73,"column":7}},"14":{"start":{"line":77,"column":48},"end":{"line":88,"column":1}},"15":{"start":{"line":78,"column":2},"end":{"line":87,"column":4}},"16":{"start":{"line":79,"column":27},"end":{"line":79,"column":72}},"17":{"start":{"line":80,"column":4},"end":{"line":86,"column":9}},"18":{"start":{"line":94,"column":24},"end":{"line":96,"column":1}}},"fnMap":{"0":{"name":"mainStore","decl":{"start":{"line":25,"column":16},"end":{"line":25,"column":25}},"loc":{"start":{"line":25,"column":61},"end":{"line":37,"column":1}},"line":25},"1":{"name":"initApp","decl":{"start":{"line":42,"column":16},"end":{"line":42,"column":23}},"loc":{"start":{"line":42,"column":26},"end":{"line":46,"column":1}},"line":42},"2":{"name":"(anonymous_2)","decl":{"start":{"line":51,"column":27},"end":{"line":51,"column":28}},"loc":{"start":{"line":51,"column":47},"end":{"line":58,"column":1}},"line":51},"3":{"name":"(anonymous_3)","decl":{"start":{"line":54,"column":13},"end":{"line":54,"column":14}},"loc":{"start":{"line":54,"column":19},"end":{"line":57,"column":5}},"line":54},"4":{"name":"(anonymous_4)","decl":{"start":{"line":65,"column":47},"end":{"line":65,"column":48}},"loc":{"start":{"line":66,"column":2},"end":{"line":74,"column":4}},"line":66},"5":{"name":"(anonymous_5)","decl":{"start":{"line":66,"column":19},"end":{"line":66,"column":20}},"loc":{"start":{"line":67,"column":4},"end":{"line":73,"column":9}},"line":67},"6":{"name":"(anonymous_6)","decl":{"start":{"line":68,"column":11},"end":{"line":68,"column":12}},"loc":{"start":{"line":68,"column":30},"end":{"line":73,"column":7}},"line":68},"7":{"name":"(anonymous_7)","decl":{"start":{"line":77,"column":48},"end":{"line":77,"column":49}},"loc":{"start":{"line":78,"column":2},"end":{"line":87,"column":4}},"line":78},"8":{"name":"(anonymous_8)","decl":{"start":{"line":78,"column":19},"end":{"line":78,"column":20}},"loc":{"start":{"line":78,"column":25},"end":{"line":87,"column":3}},"line":78}},"branchMap":{"0":{"loc":{"start":{"line":25,"column":26},"end":{"line":25,"column":46}},"type":"default-arg","locations":[{"start":{"line":25,"column":34},"end":{"line":25,"column":46}}],"line":25},"1":{"loc":{"start":{"line":25,"column":48},"end":{"line":25,"column":59}},"type":"default-arg","locations":[{"start":{"line":25,"column":57},"end":{"line":25,"column":59}}],"line":25},"2":{"loc":{"start":{"line":26,"column":2},"end":{"line":36,"column":3}},"type":"switch","locations":[{"start":{"line":27,"column":4},"end":{"line":31,"column":8}},{"start":{"line":33,"column":4},"end":{"line":35,"column":5}}],"line":26}},"s":{"0":2,"1":2,"2":2,"3":6,"4":2,"5":4,"6":2,"7":2,"8":2,"9":2,"10":2,"11":3,"12":3,"13":3,"14":2,"15":3,"16":3,"17":3,"18":2},"f":{"0":6,"1":2,"2":2,"3":2,"4":3,"5":3,"6":3,"7":3,"8":3},"b":{"0":[3],"1":[0],"2":[2,4]},"_coverageSchema":"332fd63041d2c1bcb487cc26dd0d5f7d97098a6c","hash":"142bc64ed2ff8edd5bf51c3f72092a18656e6e10"}
,"/Users/berezynskyi/Documents/work/react-native-uptech-boilerplate/src/store/main/methods.js": {"path":"/Users/berezynskyi/Documents/work/react-native-uptech-boilerplate/src/store/main/methods.js","statementMap":{"0":{"start":{"line":4,"column":33},"end":{"line":6,"column":1}},"1":{"start":{"line":5,"column":2},"end":{"line":5,"column":83}},"2":{"start":{"line":8,"column":33},"end":{"line":10,"column":1}},"3":{"start":{"line":9,"column":2},"end":{"line":9,"column":70}}},"fnMap":{"0":{"name":"(anonymous_0)","decl":{"start":{"line":4,"column":33},"end":{"line":4,"column":34}},"loc":{"start":{"line":4,"column":59},"end":{"line":6,"column":1}},"line":4},"1":{"name":"(anonymous_1)","decl":{"start":{"line":8,"column":33},"end":{"line":8,"column":34}},"loc":{"start":{"line":8,"column":45},"end":{"line":10,"column":1}},"line":8}},"branchMap":{},"s":{"0":1,"1":1,"2":1,"3":1},"f":{"0":1,"1":1},"b":{},"_coverageSchema":"332fd63041d2c1bcb487cc26dd0d5f7d97098a6c","hash":"8d8046bb3ddef63aee84f6209264f2b1dd67ffba"}
,"/Users/berezynskyi/Documents/work/react-native-uptech-boilerplate/src/utils/constants.js": {"path":"/Users/berezynskyi/Documents/work/react-native-uptech-boilerplate/src/utils/constants.js","statementMap":{"0":{"start":{"line":1,"column":20},"end":{"line":1,"column":26}},"1":{"start":{"line":2,"column":23},"end":{"line":2,"column":32}},"2":{"start":{"line":3,"column":23},"end":{"line":3,"column":32}},"3":{"start":{"line":4,"column":21},"end":{"line":4,"column":28}},"4":{"start":{"line":6,"column":27},"end":{"line":6,"column":49}}},"fnMap":{},"branchMap":{},"s":{"0":1,"1":1,"2":1,"3":1,"4":1},"f":{},"b":{},"_coverageSchema":"332fd63041d2c1bcb487cc26dd0d5f7d97098a6c","hash":"f6fb0bb5771af75263376757f5535d7c35ad08d9"}
}
