TN:
SF:/Users/berezynskyi/Documents/work/react-native-uptech-boilerplate/App.js
FN:18,(anonymous_0)
FNF:1
FNH:1
FNDA:1,(anonymous_0)
DA:19,1
DA:20,1
DA:30,1
LF:3
LH:3
BRF:0
BRH:0
end_of_record
TN:
SF:/Users/berezynskyi/Documents/work/react-native-uptech-boilerplate/src/containers/MainScreen/MainScreen.js
FN:15,(anonymous_0)
FN:19,(anonymous_1)
FN:23,(anonymous_2)
FNF:3
FNH:2
FNDA:1,(anonymous_0)
FNDA:0,(anonymous_1)
FNDA:3,(anonymous_2)
DA:12,1
DA:16,1
DA:20,0
DA:32,3
DA:35,3
DA:36,3
DA:53,1
DA:58,1
LF:8
LH:7
BRF:0
BRH:0
end_of_record
TN:
SF:/Users/berezynskyi/Documents/work/react-native-uptech-boilerplate/src/containers/MainScreen/index.js
FN:6,(anonymous_0)
FNF:1
FNH:1
FNDA:3,(anonymous_0)
DA:6,1
DA:11,3
DA:16,1
LF:3
LH:3
BRF:0
BRH:0
end_of_record
TN:
SF:/Users/berezynskyi/Documents/work/react-native-uptech-boilerplate/src/store/configureStore.js
FN:14,configureStore
FNF:1
FNH:1
FNDA:1,configureStore
DA:7,1
DA:9,1
DA:15,1
LF:3
LH:3
BRF:0
BRH:0
end_of_record
TN:
SF:/Users/berezynskyi/Documents/work/react-native-uptech-boilerplate/src/store/index.js
FNF:0
FNH:0
DA:6,1
DA:10,1
LF:2
LH:2
BRF:0
BRH:0
end_of_record
TN:
SF:/Users/berezynskyi/Documents/work/react-native-uptech-boilerplate/src/store/main/constants.js
FNF:0
FNH:0
DA:1,1
LF:1
LH:1
BRF:0
BRH:0
end_of_record
TN:
SF:/Users/berezynskyi/Documents/work/react-native-uptech-boilerplate/src/store/main/duck.js
FN:25,mainStore
FN:42,initApp
FN:51,(anonymous_2)
FN:54,(anonymous_3)
FN:65,(anonymous_4)
FN:66,(anonymous_5)
FN:68,(anonymous_6)
FN:77,(anonymous_7)
FN:78,(anonymous_8)
FNF:9
FNH:9
FNDA:6,mainStore
FNDA:2,initApp
FNDA:2,(anonymous_2)
FNDA:2,(anonymous_3)
FNDA:3,(anonymous_4)
FNDA:3,(anonymous_5)
FNDA:3,(anonymous_6)
FNDA:3,(anonymous_7)
FNDA:3,(anonymous_8)
DA:12,2
DA:13,2
DA:18,2
DA:26,6
DA:28,2
DA:34,4
DA:43,2
DA:51,2
DA:52,2
DA:54,2
DA:65,2
DA:66,3
DA:67,3
DA:68,3
DA:77,2
DA:78,3
DA:79,3
DA:80,3
DA:94,2
LF:19
LH:19
BRDA:25,0,0,3
BRDA:25,1,0,0
BRDA:26,2,0,2
BRDA:26,2,1,4
BRF:4
BRH:3
end_of_record
TN:
SF:/Users/berezynskyi/Documents/work/react-native-uptech-boilerplate/src/store/main/methods.js
FN:4,(anonymous_0)
FN:8,(anonymous_1)
FNF:2
FNH:2
FNDA:1,(anonymous_0)
FNDA:1,(anonymous_1)
DA:4,1
DA:5,1
DA:8,1
DA:9,1
LF:4
LH:4
BRF:0
BRH:0
end_of_record
TN:
SF:/Users/berezynskyi/Documents/work/react-native-uptech-boilerplate/src/utils/constants.js
FNF:0
FNH:0
DA:1,1
DA:2,1
DA:3,1
DA:4,1
DA:6,1
LF:5
LH:5
BRF:0
BRH:0
end_of_record
